[INFO] 12:30:03:865 MAPA log file/(4051:4051): MAPA Home iniciado.
[TRACE] 12:30:08:969 MAPA log file/(4051:4056): Nueva conexion desde el socket 5, entrenador &
[TRACE] 12:30:08:969 MAPA log file/(4051:4055): 
LISTOS: : [  &(Ash)  ]
[TRACE] 12:30:10:178 MAPA log file/(4051:4055): 
LISTOS: : [  &(Ash)  ]
[TRACE] 12:30:11:390 MAPA log file/(4051:4055): 
LISTOS: : [  &(Ash)  ]
[TRACE] 12:30:12:606 MAPA log file/(4051:4055): 
LISTOS: : [  &(Ash)  ]
[TRACE] 12:30:13:818 MAPA log file/(4051:4055): 
LISTOS: : [  &(Ash)  ]
[TRACE] 12:30:15:30 MAPA log file/(4051:4055): 
LISTOS: : [  &(Ash)  ]
[TRACE] 12:30:15:431 MAPA log file/(4051:4055): Entrenador Bloqueado & - Pokenest G .
[TRACE] 12:30:15:431 MAPA log file/(4051:4057): 
BLOQUEADOS: : [  &(Ash)  ]
[TRACE] 12:30:15:431 MAPA log file/(4051:4057): El entrenador & atrapo a Geodude .
[TRACE] 12:30:15:476 MAPA log file/(4051:4055): 
LISTOS: : [  &(Ash)  ]
[TRACE] 12:30:16:685 MAPA log file/(4051:4055): 
LISTOS: : [  &(Ash)  ]
[TRACE] 12:30:17:898 MAPA log file/(4051:4055): 
LISTOS: : [  &(Ash)  ]
[TRACE] 12:30:19:110 MAPA log file/(4051:4055): 
LISTOS: : [  &(Ash)  ]
[TRACE] 12:30:20:326 MAPA log file/(4051:4055): 
LISTOS: : [  &(Ash)  ]
[TRACE] 12:30:21:535 MAPA log file/(4051:4055): Entrenador Bloqueado & - Pokenest P .
[TRACE] 12:30:21:535 MAPA log file/(4051:4057): 
BLOQUEADOS: : [  &(Ash)  ]
[TRACE] 12:30:21:535 MAPA log file/(4051:4057): El entrenador & atrapo a Pikachu .
[TRACE] 12:30:21:579 MAPA log file/(4051:4055): 
LISTOS: : [  &(Ash)  ]
[TRACE] 12:30:22:786 MAPA log file/(4051:4055): 
LISTOS: : [  &(Ash)  ]
[TRACE] 12:30:23:997 MAPA log file/(4051:4055): 
LISTOS: : [  &(Ash)  ]
[TRACE] 12:30:25:209 MAPA log file/(4051:4055): 
LISTOS: : [  &(Ash)  ]
[TRACE] 12:30:26:422 MAPA log file/(4051:4055): 
LISTOS: : [  &(Ash)  ]
[TRACE] 12:30:27:633 MAPA log file/(4051:4055): 
LISTOS: : [  &(Ash)  ]
[TRACE] 12:30:28:845 MAPA log file/(4051:4055): 
LISTOS: : [  &(Ash)  ]
[TRACE] 12:30:30:57 MAPA log file/(4051:4055): 
LISTOS: : [  &(Ash)  ]
[TRACE] 12:30:31:266 MAPA log file/(4051:4055): 
LISTOS: : [  &(Ash)  ]
[TRACE] 12:30:32:478 MAPA log file/(4051:4055): 
LISTOS: : [  &(Ash)  ]
[TRACE] 12:30:32:879 MAPA log file/(4051:4055): Entrenador Bloqueado & - Pokenest B .
[TRACE] 12:30:32:879 MAPA log file/(4051:4057): 
BLOQUEADOS: : [  &(Ash)  ]
[TRACE] 12:30:32:879 MAPA log file/(4051:4057): El entrenador & atrapo a Bulbasaur .
[TRACE] 12:30:32:923 MAPA log file/(4051:4057): El entrenador & ha logrado su objetivo.
[ERROR] 12:30:32:924 MAPA log file/(4051:4057): Se desconecto el entrenador & por haber finalizado en mapa
